Using pre-set license
Built from '2020.3/china_unity/release' branch; Version is '2020.3.24f1c2 (f3616f7ef48a) revision 15950191'; Using compiler version '192528614'; Build Type 'Release'
OS: 'Windows 10  (10.0.19042) 64bit CoreCountrySpecific' Language: 'zh' Physical Memory: 16214 MB
BatchMode: 1, IsHumanControllingUs: 0, StartBugReporterOnCrash: 0, Is64bit: 1, IsPro: 0

COMMAND LINE ARGUMENTS:
C:\Program Files\Unity\Hub\Editor\2020.3.24f1c2\Editor\Unity.exe
-adb2
-batchMode
-noUpm
-name
AssetImportWorker0
-projectPath
C:/Users/dx/Desktop/Study/大三上学期/Unity/Assignment4/UnityProject/Environment Pack
-logFile
Logs/AssetImportWorker0.log
-srvPort
11766
Successfully changed project path to: C:/Users/dx/Desktop/Study/大三上学期/Unity/Assignment4/UnityProject/Environment Pack
C:/Users/dx/Desktop/Study/大三上学期/Unity/Assignment4/UnityProject/Environment Pack
Using Asset Import Pipeline V2.
AS: AutoStreaming module initializing.Refreshing native plugins compatible for Editor in 42.37 ms, found 2 plugins.
Preloading 0 native plugins for Editor in 0.00 ms.
Initialize engine version: 2020.3.24f1c2 (f3616f7ef48a)
[Subsystems] Discovering subsystems at path C:/Program Files/Unity/Hub/Editor/2020.3.24f1c2/Editor/Data/Resources/UnitySubsystems
[Subsystems] Discovering subsystems at path C:/Users/dx/Desktop/Study/大三上学期/Unity/Assignment4/UnityProject/Environment Pack/Assets
GfxDevice: creating device client; threaded=0
Direct3D:
    Version:  Direct3D 11.0 [level 11.1]
    Renderer: NVIDIA GeForce MX250 (ID=0x1d13)
    Vendor:   
    VRAM:     1983 MB
    Driver:   26.21.14.4262
Initialize mono
Mono path[0] = 'C:/Program Files/Unity/Hub/Editor/2020.3.24f1c2/Editor/Data/Managed'
Mono path[1] = 'C:/Program Files/Unity/Hub/Editor/2020.3.24f1c2/Editor/Data/MonoBleedingEdge/lib/mono/unityjit'
Mono config path = 'C:/Program Files/Unity/Hub/Editor/2020.3.24f1c2/Editor/Data/MonoBleedingEdge/etc'
Using monoOptions --debugger-agent=transport=dt_socket,embedding=1,server=y,suspend=n,address=127.0.0.1:56852
Begin MonoManager ReloadAssembly
Registering precompiled unity dll's ...
Register platform support module: C:/Program Files/Unity/Hub/Editor/2020.3.24f1c2/Editor/Data/PlaybackEngines/WindowsStandaloneSupport/UnityEditor.WindowsStandalone.Extensions.dll
Registered in 0.001634 seconds.
Native extension for WindowsStandalone target not found
Refreshing native plugins compatible for Editor in 35.85 ms, found 2 plugins.
Preloading 0 native plugins for Editor in 0.00 ms.
Mono: successfully reloaded assembly
- Completed reload, in  0.511 seconds
Domain Reload Profiling:
	ReloadAssembly (511ms)
		BeginReloadAssembly (47ms)
			ExecutionOrderSort (0ms)
			DisableScriptedObjects (0ms)
			BackupInstance (0ms)
			ReleaseScriptingObjects (0ms)
			CreateAndSetChildDomain (1ms)
		EndReloadAssembly (398ms)
			LoadAssemblies (46ms)
			RebuildTransferFunctionScriptingTraits (0ms)
			SetupTypeCache (134ms)
			ReleaseScriptCaches (0ms)
			RebuildScriptCaches (27ms)
			SetupLoadedEditorAssemblies (147ms)
				LogAssemblyErrors (0ms)
				InitializePlatformSupportModulesInManaged (4ms)
				SetLoadedEditorAssemblies (0ms)
				RefreshPlugins (36ms)
				BeforeProcessingInitializeOnLoad (13ms)
				ProcessInitializeOnLoadAttributes (70ms)
				ProcessInitializeOnLoadMethodAttributes (25ms)
				AfterProcessingInitializeOnLoad (0ms)
				EditorAssembliesLoaded (0ms)
			ExecutionOrderSort2 (0ms)
			AwakeInstancesAfterBackupRestoration (0ms)
Platform modules already initialized, skipping
Registering precompiled user dll's ...
Registered in 0.003502 seconds.
Begin MonoManager ReloadAssembly
Native extension for WindowsStandalone target not found
Refreshing native plugins compatible for Editor in 0.50 ms, found 2 plugins.
Preloading 0 native plugins for Editor in 0.00 ms.
Mono: successfully reloaded assembly
- Completed reload, in  1.074 seconds
Domain Reload Profiling:
	ReloadAssembly (1075ms)
		BeginReloadAssembly (130ms)
			ExecutionOrderSort (0ms)
			DisableScriptedObjects (4ms)
			BackupInstance (0ms)
			ReleaseScriptingObjects (0ms)
			CreateAndSetChildDomain (16ms)
		EndReloadAssembly (887ms)
			LoadAssemblies (76ms)
			RebuildTransferFunctionScriptingTraits (0ms)
			SetupTypeCache (262ms)
			ReleaseScriptCaches (0ms)
			RebuildScriptCaches (65ms)
			SetupLoadedEditorAssemblies (351ms)
				LogAssemblyErrors (0ms)
				InitializePlatformSupportModulesInManaged (4ms)
				SetLoadedEditorAssemblies (0ms)
				RefreshPlugins (1ms)
				BeforeProcessingInitializeOnLoad (88ms)
				ProcessInitializeOnLoadAttributes (243ms)
				ProcessInitializeOnLoadMethodAttributes (9ms)
				AfterProcessingInitializeOnLoad (5ms)
				EditorAssembliesLoaded (0ms)
			ExecutionOrderSort2 (0ms)
			AwakeInstancesAfterBackupRestoration (6ms)
Platform modules already initialized, skipping
========================================================================
Worker process is ready to serve import requests
Launched and connected shader compiler UnityShaderCompiler.exe after 0.06 seconds
Refreshing native plugins compatible for Editor in 0.71 ms, found 2 plugins.
Preloading 0 native plugins for Editor in 0.00 ms.
Unloading 1927 Unused Serialized files (Serialized files now loaded: 0)
System memory in use before: 86.9 MB.
System memory in use after: 86.9 MB.

Unloading 79 unused Assets to reduce memory usage. Loaded Objects now: 2355.
Total: 3.399900 ms (FindLiveObjects: 0.179700 ms CreateObjectMapping: 0.060900 ms MarkObjects: 3.016600 ms  DeleteObjects: 0.141800 ms)

AssetImportParameters requested are different than current active one (requested -> active):
  custom:framework-win-MediaFoundation: 216162199b28c13a410421893ffa2e32 -> 
  custom:video-decoder-ogg-theora: a1e56fd34408186e4bbccfd4996cb3dc -> 
  custom:container-muxer-webm: aa71ff27fc2769a1b78a27578f13a17b -> 
  custom:container-demuxer-webm: 4f35f7cbe854078d1ac9338744f61a02 -> 
  custom:container-demuxer-ogg: 62fdf1f143b41e24485cea50d1cbac27 -> 
  custom:video-encoder-webm-vp8: eb34c28f22e8b96e1ab97ce403110664 -> 
  custom:video-codec-MediaFoundation-h265: 746d11721c4dcdbdad8f713fa42b33f4 -> 
  custom:video-decoder-webm-vp8: 9c59270c3fd7afecdb556c50c9e8de78 -> 
  custom:audio-decoder-ogg-vorbis: bf7c407c2cedff20999df2af8eb42d56 -> 
  custom:audio-encoder-webm-vorbis: bf7c407c2cedff20999df2af8eb42d56 -> 
========================================================================
Received Import Request.
  path: Assets/AssetStoreOriginals/_SNAPS_PrototypingAssets/About/Readme.asset
  artifactKey: Guid(83c2ed844a8c74b779a4c823d16594b1) Importer(815301076,1909f56bfc062723c751e8b465ee728b)
Start importing Assets/AssetStoreOriginals/_SNAPS_PrototypingAssets/About/Readme.asset using Guid(83c2ed844a8c74b779a4c823d16594b1) Importer(815301076,1909f56bfc062723c751e8b465ee728b)  -> (artifact id: 'cf2ebd2844e1cee09475f357c3afb310') in 0.025171 seconds 
  Import took 0.027955 seconds .

========================================================================
Received Import Request.
  Time since last request: 164.028120 seconds.
  path: Assets/AssetStoreOriginals/_SNAPS_PrototypingAssets/Icons_Volume02/Prefabs/NestedPrefabs/Corridor_01.prefab
  artifactKey: Guid(9b97720d06869184abe03114175f8c75) Importer(815301076,1909f56bfc062723c751e8b465ee728b)
Start importing Assets/AssetStoreOriginals/_SNAPS_PrototypingAssets/Icons_Volume02/Prefabs/NestedPrefabs/Corridor_01.prefab using Guid(9b97720d06869184abe03114175f8c75) Importer(815301076,1909f56bfc062723c751e8b465ee728b)  -> (artifact id: '3c8e754d3b58612340818576b9ddc73d') in 0.149429 seconds 
  Import took 0.153034 seconds .

========================================================================
Received Import Request.
  Time since last request: 0.000196 seconds.
  path: Assets/AssetStoreOriginals/_SNAPS_PrototypingAssets/Icons_Volume02/Prefabs/NestedPrefabs/Wall_Door.prefab
  artifactKey: Guid(4c43c82bd9d2b444ba0db89d178de38f) Importer(815301076,1909f56bfc062723c751e8b465ee728b)
Start importing Assets/AssetStoreOriginals/_SNAPS_PrototypingAssets/Icons_Volume02/Prefabs/NestedPrefabs/Wall_Door.prefab using Guid(4c43c82bd9d2b444ba0db89d178de38f) Importer(815301076,1909f56bfc062723c751e8b465ee728b)  -> (artifact id: '3a2ecc8cfd7e7657ffba4724720fa00d') in 0.032018 seconds 
  Import took 0.035252 seconds .

========================================================================
Received Import Request.
  Time since last request: 0.000154 seconds.
  path: Assets/AssetStoreOriginals/_SNAPS_PrototypingAssets/Icons_Volume02/Prefabs/NestedPrefabs/Room_01.prefab
  artifactKey: Guid(a59123e9a04497149ba0789982927ede) Importer(815301076,1909f56bfc062723c751e8b465ee728b)
Start importing Assets/AssetStoreOriginals/_SNAPS_PrototypingAssets/Icons_Volume02/Prefabs/NestedPrefabs/Room_01.prefab using Guid(a59123e9a04497149ba0789982927ede) Importer(815301076,1909f56bfc062723c751e8b465ee728b)  -> (artifact id: '2f7e71f42b34639401303e688d631f7e') in 0.023839 seconds 
  Import took 0.027374 seconds .

========================================================================
Received Import Request.
  Time since last request: 0.000215 seconds.
  path: Assets/AssetStoreOriginals/_SNAPS_PrototypingAssets/Icons_Volume02/Prefabs/NestedPrefabs/Room_02.prefab
  artifactKey: Guid(57967c5b41d875a488b6155ad8115915) Importer(815301076,1909f56bfc062723c751e8b465ee728b)
Start importing Assets/AssetStoreOriginals/_SNAPS_PrototypingAssets/Icons_Volume02/Prefabs/NestedPrefabs/Room_02.prefab using Guid(57967c5b41d875a488b6155ad8115915) Importer(815301076,1909f56bfc062723c751e8b465ee728b)  -> (artifact id: 'cef91bf243d843542bc43ea92076b6ce') in 0.031309 seconds 
  Import took 0.035713 seconds .

========================================================================
Received Import Request.
  Time since last request: 0.000189 seconds.
  path: Assets/AssetStoreOriginals/_SNAPS_PrototypingAssets/Icons_Volume02/Prefabs/NestedPrefabs/Corridor_02.prefab
  artifactKey: Guid(608790e0cdc31534694eb70f1005d6b2) Importer(815301076,1909f56bfc062723c751e8b465ee728b)
Start importing Assets/AssetStoreOriginals/_SNAPS_PrototypingAssets/Icons_Volume02/Prefabs/NestedPrefabs/Corridor_02.prefab using Guid(608790e0cdc31534694eb70f1005d6b2) Importer(815301076,1909f56bfc062723c751e8b465ee728b)  -> (artifact id: '9391558374c4eca7343f9d4f530a6583') in 0.032054 seconds 
  Import took 0.035198 seconds .

========================================================================
Received Import Request.
  Time since last request: 0.000169 seconds.
  path: Assets/AssetStoreOriginals/_SNAPS_PrototypingAssets/Icons_Volume02/Prefabs/NestedPrefabs/SA_Divot.prefab
  artifactKey: Guid(9b4514ceced727e479ed3eed8668afd2) Importer(815301076,1909f56bfc062723c751e8b465ee728b)
Start importing Assets/AssetStoreOriginals/_SNAPS_PrototypingAssets/Icons_Volume02/Prefabs/NestedPrefabs/SA_Divot.prefab using Guid(9b4514ceced727e479ed3eed8668afd2) Importer(815301076,1909f56bfc062723c751e8b465ee728b)  -> (artifact id: 'a52102e86f63fc7d395958d3c720dfdd') in 0.023891 seconds 
  Import took 0.027665 seconds .

AssetImportWorkerClient::OnTransportError - code=2 error=End of file
